Build started 8/5/2014 10:42:04 PM.
     1>Project "C:\Users\Kevin\Documents\WORK\COMP371\KevinAssignment2\Assignement2_Framework\VS2012\Assignment2.vcxproj" on node 2 (Build target(s)).
     1>C:\Program Files (x86)\MSBuild\Microsoft.Cpp\v4.0\V120\Microsoft.CppBuild.targets(363,5): warning MSB8004: Intermediate Directory does not end with a trailing slash.  This build instance will add the slash as it is required to allow proper evaluation of the Intermediate Directory.
     1>C:\Program Files (x86)\MSBuild\Microsoft.Cpp\v4.0\V120\Microsoft.CppBuild.targets(364,5): warning MSB8004: Output Directory does not end with a trailing slash.  This build instance will add the slash as it is required to allow proper evaluation of the Output Directory.
     1>ClCompile:
         C:\Program Files (x86)\Microsoft Visual Studio 12.0\VC\bin\CL.exe /c /I"../ThirdParty/glew-1.10.0/include" /I"../ThirdParty/glfw-3.0.4/include" /I../ThirdParty/glm /ZI /nologo /W3 /WX- /Od /Oy- /D WIN32 /D _DEBUG /D _CONSOLE /D _UNICODE /D UNICODE /Gm /EHsc /RTC1 /MDd /GS /fp:precise /Zc:wchar_t /Zc:forScope /Fo"C:\Users\Kevin\Documents\WORK\COMP371\KevinAssignment2\Assignement2_Framework\VS2012\/../Build/Debug\\" /Fd"C:\Users\Kevin\Documents\WORK\COMP371\KevinAssignment2\Assignement2_Framework\VS2012\/../Build/Debug\vc120.pdb" /Gd /TP /analyze- /errorReport:prompt ..\Source\main.cpp ..\Source\shader.cpp ..\Source\sphere.cpp
         sphere.cpp
         shader.cpp
         main.cpp
         GLM: perspective function taking degrees as a parameter is deprecated. #define GLM_FORCE_RADIANS before including GLM headers to remove this message.
         Generating Code...
       Link:
         C:\Program Files (x86)\Microsoft Visual Studio 12.0\VC\bin\link.exe /ERRORREPORT:PROMPT /OUT:"C:\Users\Kevin\Documents\WORK\COMP371\KevinAssignment2\Assignement2_Framework\VS2012\/../Bin\Assignment2-Debug.exe" /INCREMENTAL /NOLOGO /LIBPATH:"../ThirdParty/glew-1.10.0/lib/Release/Win32" /LIBPATH:"../ThirdParty/glfw-3.0.4/lib/Win32/lib-msvc110" opengl32.lib glew32s.lib glfw3.lib kernel32.lib user32.lib gdi32.lib winspool.lib comdlg32.lib advapi32.lib shell32.lib ole32.lib oleaut32.lib uuid.lib odbc32.lib odbccp32.lib kernel32.lib user32.lib gdi32.lib winspool.lib comdlg32.lib advapi32.lib shell32.lib ole32.lib oleaut32.lib uuid.lib odbc32.lib odbccp32.lib /MANIFEST /MANIFESTUAC:"level='asInvoker' uiAccess='false'" /manifest:embed /DEBUG /PDB:"C:\Users\Kevin\Documents\WORK\COMP371\KevinAssignment2\Assignement2_Framework\VS2012\/../Bin\Assignment2-Debug.pdb" /SUBSYSTEM:CONSOLE /TLBID:1 /DYNAMICBASE /NXCOMPAT /IMPLIB:"C:\Users\Kevin\Documents\WORK\COMP371\KevinAssignment2\Assignement2_Framework\VS2012\/../Bin\Assignment2-Debug.lib" /MACHINE:X86 C:\Users\Kevin\Documents\WORK\COMP371\KevinAssignment2\Assignement2_Framework\VS2012\/../Build/Debug\main.obj
         C:\Users\Kevin\Documents\WORK\COMP371\KevinAssignment2\Assignement2_Framework\VS2012\/../Build/Debug\shader.obj
         C:\Users\Kevin\Documents\WORK\COMP371\KevinAssignment2\Assignement2_Framework\VS2012\/../Build/Debug\sphere.obj
     1>LINK : warning LNK4098: defaultlib 'LIBCMT' conflicts with use of other libs; use /NODEFAULTLIB:library
     1>LINK : warning LNK4098: defaultlib 'MSVCRT' conflicts with use of other libs; use /NODEFAULTLIB:library
     1>shader.obj : warning LNK4049: locally defined symbol ___glewAttachShader imported
     1>shader.obj : warning LNK4049: locally defined symbol ___glewCompileShader imported
     1>shader.obj : warning LNK4049: locally defined symbol ___glewCreateProgram imported
     1>shader.obj : warning LNK4049: locally defined symbol ___glewCreateShader imported
     1>shader.obj : warning LNK4049: locally defined symbol ___glewDeleteShader imported
     1>shader.obj : warning LNK4049: locally defined symbol ___glewGetProgramInfoLog imported
     1>shader.obj : warning LNK4049: locally defined symbol ___glewGetProgramiv imported
     1>shader.obj : warning LNK4049: locally defined symbol ___glewGetShaderInfoLog imported
     1>shader.obj : warning LNK4049: locally defined symbol ___glewGetShaderiv imported
     1>shader.obj : warning LNK4049: locally defined symbol ___glewLinkProgram imported
     1>shader.obj : warning LNK4049: locally defined symbol ___glewShaderSource imported
     1>glew32s.lib(glew.obj) : warning LNK4099: PDB 'vc100.pdb' was not found with 'glew32s.lib(glew.obj)' or at 'C:\Users\Kevin\Documents\WORK\COMP371\KevinAssignment2\Assignement2_Framework\Bin\vc100.pdb'; linking object as if no debug info
         Assignment2.vcxproj -> C:\Users\Kevin\Documents\WORK\COMP371\KevinAssignment2\Assignement2_Framework\VS2012\/../Bin\Assignment2-Debug.exe
     1>Done Building Project "C:\Users\Kevin\Documents\WORK\COMP371\KevinAssignment2\Assignement2_Framework\VS2012\Assignment2.vcxproj" (Build target(s)).

Build succeeded.

Time Elapsed 00:00:10.19
